<?xml version="1.0" encoding="UTF-8"?>
<!-- Generated by org.testng.reporters.JUnitXMLReporter -->
<testsuite ignored="0" hostname="Somashekars-iMac.local" failures="0" tests="3" name="Default test" time="12.374" errors="0" timestamp="2024-05-22T21:20:28 IST">
  <testcase classname="TestNGDemo.com.AnnotationDemo2" name="getCurrentUrlOfPage" time="0.052"/>
  <testcase classname="TestNGDemo.com.AnnotationDemo2" name="getTitleOfPage" time="0.011"/>
  <testcase classname="TestNGDemo.com.AnnotationDemo2" name="doLogin" time="12.261"/>
</testsuite> <!-- Default test -->
