<?xml version="1.0" encoding="UTF-8"?>
<!-- Generated by org.testng.reporters.JUnitXMLReporter -->
<testsuite ignored="0" hostname="Somashekars-iMac.local" failures="0" tests="3" name="Default test" time="61.489" errors="0" timestamp="2024-06-03T21:29:52 IST">
  <testcase classname="TestNGDemo.com.invocatiobDemo" name="doLogin" time="10.63"/>
  <testcase classname="TestNGDemo.com.invocatiobDemo" name="doLogin" time="10.022"/>
  <testcase classname="TestNGDemo.com.invocatiobDemo" name="doLogin" time="10.175"/>
</testsuite> <!-- Default test -->
